18:09:22.014 [http-nio-10087-exec-5] DEBUG c.e.demo.service.Impl.OcrServiceImpl - 本次传入的模板为:Template(name=网络与信息安全, keys=[自然辩证法, 研究生英语国际学术交流]), Template(name=模板/ocr/type, keys=[KEY, VALUE]), Template(name=培养方案, keys=[311]), Template(name=图书管理系统, keys=[SEO兵书, 9787121158193, F713.365.2]), Template(name=书库, keys=[人类简史, 尤瓦尔, 中信出版社]), Template(name=reids课程, keys=[安全性, 超时时间])
18:09:32.472 [http-nio-10087-exec-1] DEBUG c.e.demo.service.Impl.OcrServiceImpl - 本次传入的软件为:导弹发射控制软件, 人员管理软件, 测试软件, 北京邮电大学
18:09:35.197 [http-nio-10087-exec-2] DEBUG c.e.demo.service.Impl.OcrServiceImpl - 本次传入的模板为:Template(name=网络与信息安全, keys=[自然辩证法, 研究生英语国际学术交流]), Template(name=模板/ocr/type, keys=[KEY, VALUE]), Template(name=培养方案, keys=[311]), Template(name=图书管理系统, keys=[SEO兵书, 9787121158193, F713.365.2]), Template(name=书库, keys=[人类简史, 尤瓦尔, 中信出版社]), Template(name=reids课程, keys=[安全性, 超时时间])
18:09:37.756 [http-nio-10087-exec-7] DEBUG c.e.demo.service.Impl.OcrServiceImpl - 图片临时保存地址=E:/asap/test/test1.jpg
18:09:37.759 [http-nio-10087-exec-7] DEBUG c.e.demo.service.Impl.OcrServiceImpl - python启动参数=[D:/Anaconda3/envs/wenzi/python, E:/IntelliJFile/BUPT/springBoot3-javaOcr/demo/src/main/resources/static/executeOCR.py, E:/asap/test/test1.jpg]
18:09:52.311 [http-nio-10087-exec-7] DEBUG c.e.demo.service.Impl.OcrServiceImpl - pythonResult = O@O@马北京邮电大学2023级专业学位硕士研究生培...×x@白固日「<[65 ]/144 〉l白Q自适应宽v□导航栏、视图因 书签A标记、L画笔v橡皮擦O批注设置☆Q口回@1世小E公丁LOco以マ业丁出以WIU工中个力不@网络与信息安全（085412）领域@电子信息专业学位硕士培养方案@学分总学分≥37学分@学@类别分组情况课程编号课程名称学时@分@3121101213工程伦理（MOOC）322@第1组,选4门(公共必修3181101768网络空间安全学科论文写作指导161@课)自然辩证法概论161@3311100704@3321101666新时代中国特色社会主义理论与实践32@2@3121101520研究生英语2@ 32@第2组，至少选1门(英语@3311101694研究生英语国际学术交流322@必修课。英语免修学生在@3311101696研究生英语科技读译与科技传播322@制定培养计划时，请选择@开究生龙语”@3311101699研究生英语跨文化职场交流322@
18:09:52.315 [http-nio-10087-exec-7] DEBUG c.e.demo.service.Impl.OcrServiceImpl - -----本次匹配结束-----
18:09:52.315 [http-nio-10087-exec-7] DEBUG c.e.demo.service.Impl.OcrServiceImpl - python启动参数=[D:/Anaconda3/envs/wenzi/python, E:/IntelliJFile/BUPT/springBoot3-javaOcr/demo/src/main/resources/static/executeOCR.py, E:/asap/test/test1.jpg]
18:09:56.892 [http-nio-10087-exec-7] DEBUG c.e.demo.service.Impl.OcrServiceImpl - pythonResult = O@O@马北京邮电大学2023级专业学位硕士研究生培...×x@白固日「<[65 ]/144 〉l白Q自适应宽v□导航栏、视图因 书签A标记、L画笔v橡皮擦O批注设置☆Q口回@1世小E公丁LOco以マ业丁出以WIU工中个力不@网络与信息安全（085412）领域@电子信息专业学位硕士培养方案@学分总学分≥37学分@学@类别分组情况课程编号课程名称学时@分@3121101213工程伦理（MOOC）322@第1组,选4门(公共必修3181101768网络空间安全学科论文写作指导161@课)自然辩证法概论161@3311100704@3321101666新时代中国特色社会主义理论与实践32@2@3121101520研究生英语2@ 32@第2组，至少选1门(英语@3311101694研究生英语国际学术交流322@必修课。英语免修学生在@3311101696研究生英语科技读译与科技传播322@制定培养计划时，请选择@开究生龙语”@3311101699研究生英语跨文化职场交流322@
18:11:59.764 [http-nio-10087-exec-6] DEBUG c.e.demo.service.Impl.OcrServiceImpl - 图片临时保存地址=E:/asap/test/test1.jpg
18:11:59.765 [http-nio-10087-exec-6] DEBUG c.e.demo.service.Impl.OcrServiceImpl - python启动参数=[D:/Anaconda3/envs/wenzi/python, E:/IntelliJFile/BUPT/springBoot3-javaOcr/demo/src/main/resources/static/executeOCR.py, E:/asap/test/test1.jpg]
18:12:04.316 [http-nio-10087-exec-6] DEBUG c.e.demo.service.Impl.OcrServiceImpl - pythonResult = O@O@马北京邮电大学2023级专业学位硕士研究生培...×x@白固日「<[65 ]/144 〉l白Q自适应宽v□导航栏、视图因 书签A标记、L画笔v橡皮擦O批注设置☆Q口回@1世小E公丁LOco以マ业丁出以WIU工中个力不@网络与信息安全（085412）领域@电子信息专业学位硕士培养方案@学分总学分≥37学分@学@类别分组情况课程编号课程名称学时@分@3121101213工程伦理（MOOC）322@第1组,选4门(公共必修3181101768网络空间安全学科论文写作指导161@课)自然辩证法概论161@3311100704@3321101666新时代中国特色社会主义理论与实践32@2@3121101520研究生英语2@ 32@第2组，至少选1门(英语@3311101694研究生英语国际学术交流322@必修课。英语免修学生在@3311101696研究生英语科技读译与科技传播322@制定培养计划时，请选择@开究生龙语”@3311101699研究生英语跨文化职场交流322@
18:12:04.317 [http-nio-10087-exec-6] DEBUG c.e.demo.service.Impl.OcrServiceImpl - -----本次匹配结束-----
18:12:04.317 [http-nio-10087-exec-6] DEBUG c.e.demo.service.Impl.OcrServiceImpl - python启动参数=[D:/Anaconda3/envs/wenzi/python, E:/IntelliJFile/BUPT/springBoot3-javaOcr/demo/src/main/resources/static/executeOCR.py, E:/asap/test/test1.jpg]
18:12:08.869 [http-nio-10087-exec-6] DEBUG c.e.demo.service.Impl.OcrServiceImpl - pythonResult = O@O@马北京邮电大学2023级专业学位硕士研究生培...×x@白固日「<[65 ]/144 〉l白Q自适应宽v□导航栏、视图因 书签A标记、L画笔v橡皮擦O批注设置☆Q口回@1世小E公丁LOco以マ业丁出以WIU工中个力不@网络与信息安全（085412）领域@电子信息专业学位硕士培养方案@学分总学分≥37学分@学@类别分组情况课程编号课程名称学时@分@3121101213工程伦理（MOOC）322@第1组,选4门(公共必修3181101768网络空间安全学科论文写作指导161@课)自然辩证法概论161@3311100704@3321101666新时代中国特色社会主义理论与实践32@2@3121101520研究生英语2@ 32@第2组，至少选1门(英语@3311101694研究生英语国际学术交流322@必修课。英语免修学生在@3311101696研究生英语科技读译与科技传播322@制定培养计划时，请选择@开究生龙语”@3311101699研究生英语跨文化职场交流322@
18:18:42.896 [restartedMain] ERROR o.s.b.d.LoggingFailureAnalysisReporter - 

***************************
APPLICATION FAILED TO START
***************************

Description:

Field ocrService in com.example.demo.controller.OcrController required a bean of type 'com.example.demo.service.OcrService' that could not be found.

The injection point has the following annotations:
	- @org.springframework.beans.factory.annotation.Autowired(required=true)


Action:

Consider defining a bean of type 'com.example.demo.service.OcrService' in your configuration.

